{"level":"info","message":"logger initialized (test) → file","timestamp":"2025-08-13T22:20:57.691Z"}
{"level":"warn","message":"DB connect failed (1/5). Retrying in 5000ms...","timestamp":"2025-08-13T22:20:57.772Z"}
{"level":"error","message":"error: database \"firewall_test\" does not exist","timestamp":"2025-08-13T22:20:57.775Z"}
{"level":"info","message":"logger initialized (test) → file","timestamp":"2025-08-13T22:20:58.192Z"}
{"level":"warn","message":"DB connect failed (1/5). Retrying in 5000ms...","timestamp":"2025-08-13T22:20:58.226Z"}
{"level":"error","message":"error: database \"firewall_test\" does not exist","timestamp":"2025-08-13T22:20:58.230Z"}
{"level":"error","message":"error: database \"firewall_test\" does not exist","timestamp":"2025-08-13T22:20:58.250Z"}
{"level":"error","message":"error: database \"firewall_test\" does not exist","timestamp":"2025-08-13T22:20:58.271Z"}
{"level":"error","message":"Error: Error: expected an array of valid IP addresses","timestamp":"2025-08-13T22:20:58.277Z"}
{"level":"error","message":"Error: Error: expected an array of valid Ports","timestamp":"2025-08-13T22:20:58.286Z"}
{"level":"info","message":"logger initialized (test) → file","timestamp":"2025-08-13T22:20:58.692Z"}
{"level":"warn","message":"DB connect failed (1/5). Retrying in 5000ms...","timestamp":"2025-08-13T22:20:58.730Z"}
{"level":"error","message":"error: database \"firewall_test\" does not exist","timestamp":"2025-08-13T22:20:58.735Z"}
{"level":"warn","message":"DB connect failed (2/5). Retrying in 5000ms...","timestamp":"2025-08-13T22:21:02.801Z"}
{"level":"warn","message":"DB connect failed (2/5). Retrying in 5000ms...","timestamp":"2025-08-13T22:21:03.247Z"}
{"level":"info","message":"logger initialized (test) → file","timestamp":"2025-08-13T22:24:30.561Z"}
{"level":"info","message":"Database connection established ✅","timestamp":"2025-08-13T22:24:30.642Z"}
{"level":"info","message":"Server is running on port 3000","timestamp":"2025-08-13T22:24:30.643Z"}
{"level":"error","message":"Error: Failed query: insert into \"rules\" (\"id\", \"type\", \"value\", \"mode\", \"active\") values (default, $1, $2, $3, default) on conflict (\"value\") do nothing returning \"id\"\nparams: ip,10.0.0.1,blacklist","timestamp":"2025-08-13T22:24:30.645Z"}
{"level":"info","message":"logger initialized (test) → file","timestamp":"2025-08-13T22:24:31.052Z"}
{"level":"info","message":"Database connection established ✅","timestamp":"2025-08-13T22:24:31.091Z"}
{"level":"info","message":"Server is running on port 3000","timestamp":"2025-08-13T22:24:31.091Z"}
{"level":"error","message":"Error: Failed query: insert into \"rules\" (\"id\", \"type\", \"value\", \"mode\", \"active\") values (default, $1, $2, $3, default) on conflict (\"value\") do nothing returning \"id\"\nparams: ip,9.9.9.9,blacklist","timestamp":"2025-08-13T22:24:31.104Z"}
{"level":"error","message":"Error: Failed query: insert into \"rules\" (\"id\", \"type\", \"value\", \"mode\", \"active\") values (default, $1, $2, $3, default) on conflict (\"value\") do nothing returning \"id\"\nparams: port,8081,whitelist","timestamp":"2025-08-13T22:24:31.116Z"}
{"level":"error","message":"Error: Failed query: insert into \"rules\" (\"id\", \"type\", \"value\", \"mode\", \"active\") values (default, $1, $2, $3, default) on conflict (\"value\") do nothing returning \"id\"\nparams: url,https://my-test-url.com,blacklist","timestamp":"2025-08-13T22:24:31.129Z"}
{"level":"error","message":"Error: Error: expected an array of valid IP addresses","timestamp":"2025-08-13T22:24:31.133Z"}
{"level":"error","message":"Error: Error: expected an array of valid Ports","timestamp":"2025-08-13T22:24:31.141Z"}
{"level":"info","message":"logger initialized (test) → file","timestamp":"2025-08-13T22:24:31.514Z"}
{"level":"info","message":"Database connection established ✅","timestamp":"2025-08-13T22:24:31.546Z"}
{"level":"info","message":"Server is running on port 3000","timestamp":"2025-08-13T22:24:31.546Z"}
{"level":"error","message":"Error: Failed query: insert into \"rules\" (\"id\", \"type\", \"value\", \"mode\", \"active\") values (default, $1, $2, $3, default) on conflict (\"value\") do nothing returning \"id\"\nparams: ip,11.11.11.11,blacklist","timestamp":"2025-08-13T22:24:31.557Z"}
{"level":"info","message":"logger initialized (test) → file","timestamp":"2025-08-13T22:26:08.396Z"}
{"level":"info","message":"Database connection established ✅","timestamp":"2025-08-13T22:26:08.468Z"}
{"level":"info","message":"Server is running on port 3000","timestamp":"2025-08-13T22:26:08.469Z"}
{"level":"info","message":"logger initialized (test) → file","timestamp":"2025-08-13T22:26:08.868Z"}
{"level":"info","message":"Database connection established ✅","timestamp":"2025-08-13T22:26:08.906Z"}
{"level":"info","message":"Server is running on port 3000","timestamp":"2025-08-13T22:26:08.906Z"}
{"level":"error","message":"Error: Error: expected an array of valid IP addresses","timestamp":"2025-08-13T22:26:08.973Z"}
{"level":"error","message":"Error: Error: expected an array of valid Ports","timestamp":"2025-08-13T22:26:08.984Z"}
{"level":"info","message":"logger initialized (test) → file","timestamp":"2025-08-13T22:26:09.356Z"}
{"level":"info","message":"Database connection established ✅","timestamp":"2025-08-13T22:26:09.389Z"}
{"level":"info","message":"Server is running on port 3000","timestamp":"2025-08-13T22:26:09.389Z"}
{"level":"info","message":"logger initialized (test) → file","timestamp":"2025-08-13T22:32:06.460Z"}
{"level":"info","message":"Database connection established ✅","timestamp":"2025-08-13T22:32:06.531Z"}
{"level":"info","message":"Server is running on port 3000","timestamp":"2025-08-13T22:32:06.532Z"}
{"level":"error","message":"Error: Error: One or more rules already exist (conflict).","timestamp":"2025-08-13T22:32:06.539Z"}
{"level":"info","message":"logger initialized (test) → file","timestamp":"2025-08-13T22:32:06.911Z"}
{"level":"info","message":"Database connection established ✅","timestamp":"2025-08-13T22:32:06.949Z"}
{"level":"info","message":"Server is running on port 3000","timestamp":"2025-08-13T22:32:06.949Z"}
{"level":"error","message":"Error: Error: One or more rules already exist (conflict).","timestamp":"2025-08-13T22:32:06.959Z"}
{"level":"error","message":"Error: Error: One or more rules already exist (conflict).","timestamp":"2025-08-13T22:32:06.972Z"}
{"level":"error","message":"Error: Error: One or more rules already exist (conflict).","timestamp":"2025-08-13T22:32:06.984Z"}
{"level":"error","message":"Error: Error: expected an array of valid IP addresses","timestamp":"2025-08-13T22:32:06.989Z"}
{"level":"error","message":"Error: Error: expected an array of valid Ports","timestamp":"2025-08-13T22:32:06.995Z"}
{"level":"info","message":"logger initialized (test) → file","timestamp":"2025-08-13T22:32:07.343Z"}
{"level":"info","message":"Database connection established ✅","timestamp":"2025-08-13T22:32:07.389Z"}
{"level":"info","message":"Server is running on port 3000","timestamp":"2025-08-13T22:32:07.390Z"}
{"level":"error","message":"Error: Error: One or more rules already exist (conflict).","timestamp":"2025-08-13T22:32:07.405Z"}
{"level":"info","message":"logger initialized (test) → file","timestamp":"2025-08-13T22:35:14.311Z"}
{"level":"info","message":"Database connection established ✅","timestamp":"2025-08-13T22:35:14.570Z"}
{"level":"info","message":"Server is running on port 3000","timestamp":"2025-08-13T22:35:14.574Z"}
{"level":"error","message":"Error: Error: One or more rules already exist (conflict).","timestamp":"2025-08-13T22:35:14.585Z"}
{"level":"info","message":"logger initialized (test) → file","timestamp":"2025-08-13T22:35:15.263Z"}
{"level":"info","message":"Database connection established ✅","timestamp":"2025-08-13T22:35:15.344Z"}
{"level":"info","message":"Server is running on port 3000","timestamp":"2025-08-13T22:35:15.347Z"}
{"level":"error","message":"Error: Error: One or more rules already exist (conflict).","timestamp":"2025-08-13T22:35:15.365Z"}
{"level":"error","message":"Error: Error: One or more rules already exist (conflict).","timestamp":"2025-08-13T22:35:15.401Z"}
{"level":"error","message":"Error: Error: One or more rules already exist (conflict).","timestamp":"2025-08-13T22:35:15.443Z"}
{"level":"error","message":"Error: Error: expected an array of valid IP addresses","timestamp":"2025-08-13T22:35:15.460Z"}
{"level":"error","message":"Error: Error: expected an array of valid Ports","timestamp":"2025-08-13T22:35:15.481Z"}
{"level":"info","message":"logger initialized (test) → file","timestamp":"2025-08-13T22:35:16.088Z"}
{"level":"info","message":"Database connection established ✅","timestamp":"2025-08-13T22:35:16.163Z"}
{"level":"info","message":"Server is running on port 3000","timestamp":"2025-08-13T22:35:16.166Z"}
{"level":"error","message":"Error: Error: One or more rules already exist (conflict).","timestamp":"2025-08-13T22:35:16.180Z"}
{"level":"info","message":"logger initialized (test) → file","timestamp":"2025-08-13T22:37:02.386Z"}
{"level":"info","message":"Database connection established ✅","timestamp":"2025-08-13T22:37:02.454Z"}
{"level":"info","message":"Server is running on port 3000","timestamp":"2025-08-13T22:37:02.455Z"}
{"level":"error","message":"Error: Error: One or more rules already exist (conflict).","timestamp":"2025-08-13T22:37:02.456Z"}
{"level":"info","message":"logger initialized (test) → file","timestamp":"2025-08-13T22:37:02.824Z"}
{"level":"info","message":"Database connection established ✅","timestamp":"2025-08-13T22:37:02.857Z"}
{"level":"info","message":"Server is running on port 3000","timestamp":"2025-08-13T22:37:02.857Z"}
{"level":"error","message":"Error: Error: One or more rules already exist (conflict).","timestamp":"2025-08-13T22:37:02.867Z"}
{"level":"error","message":"Error: Error: One or more rules already exist (conflict).","timestamp":"2025-08-13T22:37:02.880Z"}
{"level":"error","message":"Error: Error: One or more rules already exist (conflict).","timestamp":"2025-08-13T22:37:02.891Z"}
{"level":"error","message":"Error: Error: expected an array of valid IP addresses","timestamp":"2025-08-13T22:37:02.897Z"}
{"level":"error","message":"Error: Error: expected an array of valid Ports","timestamp":"2025-08-13T22:37:02.905Z"}
{"level":"info","message":"logger initialized (test) → file","timestamp":"2025-08-13T22:37:03.260Z"}
{"level":"info","message":"Database connection established ✅","timestamp":"2025-08-13T22:37:03.291Z"}
{"level":"info","message":"Server is running on port 3000","timestamp":"2025-08-13T22:37:03.292Z"}
{"level":"error","message":"Error: Error: One or more rules already exist (conflict).","timestamp":"2025-08-13T22:37:03.304Z"}
{"level":"info","message":"logger initialized (test) → file","timestamp":"2025-08-13T22:39:03.977Z"}
{"level":"info","message":"Database connection established ✅","timestamp":"2025-08-13T22:39:04.046Z"}
{"level":"info","message":"Server is running on port 3000","timestamp":"2025-08-13T22:39:04.047Z"}
{"level":"error","message":"Error: Error: One or more rules already exist (conflict).","timestamp":"2025-08-13T22:39:04.054Z"}
{"level":"info","message":"logger initialized (test) → file","timestamp":"2025-08-13T22:39:04.452Z"}
{"level":"info","message":"Database connection established ✅","timestamp":"2025-08-13T22:39:04.491Z"}
{"level":"info","message":"Server is running on port 3000","timestamp":"2025-08-13T22:39:04.491Z"}
{"level":"error","message":"Error: Error: One or more rules already exist (conflict).","timestamp":"2025-08-13T22:39:04.499Z"}
{"level":"error","message":"Error: Error: One or more rules already exist (conflict).","timestamp":"2025-08-13T22:39:04.513Z"}
{"level":"error","message":"Error: Error: One or more rules already exist (conflict).","timestamp":"2025-08-13T22:39:04.528Z"}
{"level":"error","message":"Error: Error: expected an array of valid IP addresses","timestamp":"2025-08-13T22:39:04.534Z"}
{"level":"error","message":"Error: Error: expected an array of valid Ports","timestamp":"2025-08-13T22:39:04.541Z"}
{"level":"info","message":"logger initialized (test) → file","timestamp":"2025-08-13T22:39:04.925Z"}
{"level":"info","message":"Database connection established ✅","timestamp":"2025-08-13T22:39:04.960Z"}
{"level":"info","message":"Server is running on port 3000","timestamp":"2025-08-13T22:39:04.960Z"}
{"level":"error","message":"Error: Error: One or more rules already exist (conflict).","timestamp":"2025-08-13T22:39:04.970Z"}
{"level":"info","message":"logger initialized (test) → file","timestamp":"2025-08-13T22:40:33.477Z"}
{"level":"info","message":"Database connection established ✅","timestamp":"2025-08-13T22:40:33.542Z"}
{"level":"info","message":"Server is running on port 3000","timestamp":"2025-08-13T22:40:33.543Z"}
{"level":"error","message":"Error: Error: One or more rules already exist (conflict).","timestamp":"2025-08-13T22:40:33.550Z"}
{"level":"info","message":"logger initialized (test) → file","timestamp":"2025-08-13T22:40:33.888Z"}
{"level":"info","message":"Database connection established ✅","timestamp":"2025-08-13T22:40:33.923Z"}
{"level":"info","message":"Server is running on port 3000","timestamp":"2025-08-13T22:40:33.924Z"}
{"level":"error","message":"Error: Error: One or more rules already exist (conflict).","timestamp":"2025-08-13T22:40:33.935Z"}
{"level":"error","message":"Error: Error: One or more rules already exist (conflict).","timestamp":"2025-08-13T22:40:33.949Z"}
{"level":"error","message":"Error: Error: One or more rules already exist (conflict).","timestamp":"2025-08-13T22:40:33.961Z"}
{"level":"error","message":"Error: Error: expected an array of valid IP addresses","timestamp":"2025-08-13T22:40:33.968Z"}
{"level":"error","message":"Error: Error: expected an array of valid Ports","timestamp":"2025-08-13T22:40:33.975Z"}
{"level":"info","message":"logger initialized (test) → file","timestamp":"2025-08-13T22:40:34.340Z"}
{"level":"info","message":"Database connection established ✅","timestamp":"2025-08-13T22:40:34.369Z"}
{"level":"info","message":"Server is running on port 3000","timestamp":"2025-08-13T22:40:34.369Z"}
{"level":"error","message":"Error: Error: One or more rules already exist (conflict).","timestamp":"2025-08-13T22:40:34.376Z"}
{"level":"info","message":"logger initialized (test) → file","timestamp":"2025-08-13T22:47:03.868Z"}
{"level":"info","message":"Database connection established ✅","timestamp":"2025-08-13T22:47:03.907Z"}
{"level":"info","message":"Server is running on port 3000","timestamp":"2025-08-13T22:47:03.910Z"}
{"level":"info","message":"logger initialized (test) → file","timestamp":"2025-08-13T22:47:04.399Z"}
{"level":"info","message":"Database connection established ✅","timestamp":"2025-08-13T22:47:04.424Z"}
{"level":"info","message":"Server is running on port 3000","timestamp":"2025-08-13T22:47:04.425Z"}
{"level":"error","message":"Error: Error: expected an array of valid IP addresses","timestamp":"2025-08-13T22:47:04.517Z"}
{"level":"error","message":"Error: Error: expected an array of valid Ports","timestamp":"2025-08-13T22:47:04.522Z"}
{"level":"error","message":"Error: Error: One or more rules already exist (conflict).","timestamp":"2025-08-13T22:47:04.548Z"}
{"level":"info","message":"logger initialized (test) → file","timestamp":"2025-08-13T22:47:04.952Z"}
{"level":"info","message":"Database connection established ✅","timestamp":"2025-08-13T22:47:04.976Z"}
{"level":"info","message":"Server is running on port 3000","timestamp":"2025-08-13T22:47:04.976Z"}
{"level":"info","message":"logger initialized (test) → file","timestamp":"2025-08-13T22:49:41.222Z"}
{"level":"info","message":"Database connection established ✅","timestamp":"2025-08-13T22:49:41.270Z"}
{"level":"info","message":"Server is running on port 3000","timestamp":"2025-08-13T22:49:41.272Z"}
{"level":"info","message":"Rules updated: [{\"id\":38,\"value\":\"10.0.0.1\",\"active\":false}]","timestamp":"2025-08-13T22:49:41.326Z"}
{"level":"info","message":"logger initialized (test) → file","timestamp":"2025-08-13T22:49:41.772Z"}
{"level":"info","message":"Database connection established ✅","timestamp":"2025-08-13T22:49:41.797Z"}
{"level":"info","message":"Server is running on port 3000","timestamp":"2025-08-13T22:49:41.798Z"}
{"level":"info","message":"logger initialized (test) → file","timestamp":"2025-08-13T22:49:42.220Z"}
{"level":"info","message":"Database connection established ✅","timestamp":"2025-08-13T22:49:42.250Z"}
{"level":"info","message":"Server is running on port 3000","timestamp":"2025-08-13T22:49:42.251Z"}
{"level":"error","message":"Error: Error: expected an array of valid IP addresses","timestamp":"2025-08-13T22:49:42.333Z"}
{"level":"error","message":"Error: Error: expected an array of valid Ports","timestamp":"2025-08-13T22:49:42.340Z"}
{"level":"error","message":"Error: Error: One or more rules already exist (conflict).","timestamp":"2025-08-13T22:49:42.361Z"}
{"level":"info","message":"logger initialized (test) → file","timestamp":"2025-08-13T22:53:01.373Z"}
{"level":"info","message":"Database connection established ✅","timestamp":"2025-08-13T22:53:01.410Z"}
{"level":"info","message":"Server is running on port 3000","timestamp":"2025-08-13T22:53:01.413Z"}
{"level":"info","message":"Rules updated: [{\"id\":45,\"value\":\"10.0.0.1\",\"active\":false}]","timestamp":"2025-08-13T22:53:01.469Z"}
{"level":"info","message":"logger initialized (test) → file","timestamp":"2025-08-13T22:53:01.866Z"}
{"level":"info","message":"Database connection established ✅","timestamp":"2025-08-13T22:53:01.890Z"}
{"level":"info","message":"Server is running on port 3000","timestamp":"2025-08-13T22:53:01.891Z"}
{"level":"error","message":"Error: Error: expected an array of valid IP addresses","timestamp":"2025-08-13T22:53:01.971Z"}
{"level":"error","message":"Error: Error: expected an array of valid Ports","timestamp":"2025-08-13T22:53:01.978Z"}
{"level":"error","message":"Error: Error: One or more rules already exist (conflict).","timestamp":"2025-08-13T22:53:02.003Z"}
{"level":"info","message":"logger initialized (test) → file","timestamp":"2025-08-13T22:53:02.360Z"}
{"level":"info","message":"Database connection established ✅","timestamp":"2025-08-13T22:53:02.383Z"}
{"level":"info","message":"Server is running on port 3000","timestamp":"2025-08-13T22:53:02.384Z"}
{"level":"info","message":"logger initialized (test) → file","timestamp":"2025-08-13T22:53:39.713Z"}
{"level":"info","message":"Database connection established ✅","timestamp":"2025-08-13T22:53:39.759Z"}
{"level":"info","message":"Server is running on port 3000","timestamp":"2025-08-13T22:53:39.761Z"}
{"level":"info","message":"Rules updated: [{\"id\":52,\"value\":\"10.0.0.1\",\"active\":false}]","timestamp":"2025-08-13T22:53:39.811Z"}
{"level":"info","message":"logger initialized (test) → file","timestamp":"2025-08-13T22:53:40.238Z"}
{"level":"info","message":"Database connection established ✅","timestamp":"2025-08-13T22:53:40.262Z"}
{"level":"info","message":"Server is running on port 3000","timestamp":"2025-08-13T22:53:40.263Z"}
{"level":"error","message":"Error: Error: expected an array of valid IP addresses","timestamp":"2025-08-13T22:53:40.348Z"}
{"level":"error","message":"Error: Error: expected an array of valid Ports","timestamp":"2025-08-13T22:53:40.356Z"}
{"level":"error","message":"Error: Error: One or more rules already exist (conflict).","timestamp":"2025-08-13T22:53:40.380Z"}
{"level":"info","message":"logger initialized (test) → file","timestamp":"2025-08-13T22:53:40.845Z"}
{"level":"info","message":"Database connection established ✅","timestamp":"2025-08-13T22:53:40.873Z"}
{"level":"info","message":"Server is running on port 3000","timestamp":"2025-08-13T22:53:40.873Z"}
{"level":"info","message":"logger initialized (test) → file","timestamp":"2025-08-13T22:53:53.049Z"}
{"level":"info","message":"Database connection established ✅","timestamp":"2025-08-13T22:53:53.110Z"}
{"level":"info","message":"Server is running on port 3000","timestamp":"2025-08-13T22:53:53.110Z"}
{"level":"info","message":"Rules updated: [{\"id\":59,\"value\":\"10.0.0.1\",\"active\":false}]","timestamp":"2025-08-13T22:53:53.153Z"}
{"level":"info","message":"logger initialized (test) → file","timestamp":"2025-08-13T22:53:53.558Z"}
{"level":"info","message":"Database connection established ✅","timestamp":"2025-08-13T22:53:53.586Z"}
{"level":"info","message":"Server is running on port 3000","timestamp":"2025-08-13T22:53:53.588Z"}
{"level":"error","message":"Error: Error: expected an array of valid IP addresses","timestamp":"2025-08-13T22:53:53.674Z"}
{"level":"error","message":"Error: Error: expected an array of valid Ports","timestamp":"2025-08-13T22:53:53.680Z"}
{"level":"error","message":"Error: Error: One or more rules already exist (conflict).","timestamp":"2025-08-13T22:53:53.703Z"}
{"level":"info","message":"logger initialized (test) → file","timestamp":"2025-08-13T22:53:54.070Z"}
{"level":"info","message":"Database connection established ✅","timestamp":"2025-08-13T22:53:54.099Z"}
{"level":"info","message":"Server is running on port 3000","timestamp":"2025-08-13T22:53:54.099Z"}
{"level":"info","message":"logger initialized (test) → file","timestamp":"2025-08-13T22:54:12.897Z"}
{"level":"info","message":"Database connection established ✅","timestamp":"2025-08-13T22:54:12.996Z"}
{"level":"info","message":"Server is running on port 3000","timestamp":"2025-08-13T22:54:13.002Z"}
{"level":"info","message":"Rules updated: [{\"id\":66,\"value\":\"10.0.0.1\",\"active\":false}]","timestamp":"2025-08-13T22:54:13.103Z"}
{"level":"info","message":"logger initialized (test) → file","timestamp":"2025-08-13T22:54:13.540Z"}
{"level":"info","message":"Database connection established ✅","timestamp":"2025-08-13T22:54:13.572Z"}
{"level":"info","message":"Server is running on port 3000","timestamp":"2025-08-13T22:54:13.575Z"}
{"level":"error","message":"Error: Error: expected an array of valid IP addresses","timestamp":"2025-08-13T22:54:13.734Z"}
{"level":"error","message":"Error: Error: expected an array of valid Ports","timestamp":"2025-08-13T22:54:13.752Z"}
{"level":"error","message":"Error: Error: One or more rules already exist (conflict).","timestamp":"2025-08-13T22:54:13.845Z"}
{"level":"info","message":"logger initialized (test) → file","timestamp":"2025-08-13T22:54:14.263Z"}
{"level":"info","message":"Database connection established ✅","timestamp":"2025-08-13T22:54:14.301Z"}
{"level":"info","message":"Server is running on port 3000","timestamp":"2025-08-13T22:54:14.303Z"}
{"level":"info","message":"logger initialized (test) → file","timestamp":"2025-08-13T22:54:44.397Z"}
{"level":"info","message":"Database connection established ✅","timestamp":"2025-08-13T22:54:44.455Z"}
{"level":"info","message":"Server is running on port 3000","timestamp":"2025-08-13T22:54:44.458Z"}
{"level":"info","message":"Rules updated: [{\"id\":73,\"value\":\"10.0.0.1\",\"active\":false}]","timestamp":"2025-08-13T22:54:44.534Z"}
{"level":"info","message":"logger initialized (test) → file","timestamp":"2025-08-13T22:54:44.900Z"}
{"level":"info","message":"Database connection established ✅","timestamp":"2025-08-13T22:54:44.929Z"}
{"level":"info","message":"Server is running on port 3000","timestamp":"2025-08-13T22:54:44.932Z"}
{"level":"error","message":"Error: Error: expected an array of valid IP addresses","timestamp":"2025-08-13T22:54:45.043Z"}
{"level":"error","message":"Error: Error: expected an array of valid Ports","timestamp":"2025-08-13T22:54:45.056Z"}
{"level":"error","message":"Error: Error: One or more rules already exist (conflict).","timestamp":"2025-08-13T22:54:45.091Z"}
{"level":"info","message":"logger initialized (test) → file","timestamp":"2025-08-13T22:54:45.437Z"}
{"level":"info","message":"Database connection established ✅","timestamp":"2025-08-13T22:54:45.466Z"}
{"level":"info","message":"Server is running on port 3000","timestamp":"2025-08-13T22:54:45.468Z"}
{"level":"info","message":"logger initialized (test) → file","timestamp":"2025-08-13T22:55:12.561Z"}
{"level":"info","message":"Database connection established ✅","timestamp":"2025-08-13T22:55:12.629Z"}
{"level":"info","message":"Server is running on port 3000","timestamp":"2025-08-13T22:55:12.630Z"}
{"level":"info","message":"Rules updated: [{\"id\":80,\"value\":\"10.0.0.1\",\"active\":false}]","timestamp":"2025-08-13T22:55:12.678Z"}
{"level":"info","message":"logger initialized (test) → file","timestamp":"2025-08-13T22:55:13.092Z"}
{"level":"info","message":"Database connection established ✅","timestamp":"2025-08-13T22:55:13.117Z"}
{"level":"info","message":"Server is running on port 3000","timestamp":"2025-08-13T22:55:13.118Z"}
{"level":"error","message":"Error: Error: expected an array of valid IP addresses","timestamp":"2025-08-13T22:55:13.203Z"}
{"level":"error","message":"Error: Error: expected an array of valid Ports","timestamp":"2025-08-13T22:55:13.210Z"}
{"level":"error","message":"Error: Error: One or more rules already exist (conflict).","timestamp":"2025-08-13T22:55:13.237Z"}
{"level":"info","message":"logger initialized (test) → file","timestamp":"2025-08-13T22:55:13.579Z"}
{"level":"info","message":"Database connection established ✅","timestamp":"2025-08-13T22:55:13.607Z"}
{"level":"info","message":"Server is running on port 3000","timestamp":"2025-08-13T22:55:13.608Z"}
{"level":"info","message":"logger initialized (test) → file","timestamp":"2025-08-13T22:58:11.965Z"}
{"level":"info","message":"Database connection established ✅","timestamp":"2025-08-13T22:58:12.001Z"}
{"level":"info","message":"Server is running on port 3000","timestamp":"2025-08-13T22:58:12.003Z"}
{"level":"info","message":"Rules updated: [{\"id\":87,\"value\":\"10.0.0.1\",\"active\":false}]","timestamp":"2025-08-13T22:58:12.056Z"}
{"level":"info","message":"logger initialized (test) → file","timestamp":"2025-08-13T22:58:12.442Z"}
{"level":"info","message":"Database connection established ✅","timestamp":"2025-08-13T22:58:12.463Z"}
{"level":"info","message":"Server is running on port 3000","timestamp":"2025-08-13T22:58:12.464Z"}
{"level":"error","message":"Error: Error: expected an array of valid IP addresses","timestamp":"2025-08-13T22:58:12.549Z"}
{"level":"error","message":"Error: Error: expected an array of valid Ports","timestamp":"2025-08-13T22:58:12.555Z"}
{"level":"error","message":"Error: Error: One or more rules already exist (conflict).","timestamp":"2025-08-13T22:58:12.578Z"}
{"level":"info","message":"logger initialized (test) → file","timestamp":"2025-08-13T22:58:12.912Z"}
{"level":"info","message":"Database connection established ✅","timestamp":"2025-08-13T22:58:12.933Z"}
{"level":"info","message":"Server is running on port 3000","timestamp":"2025-08-13T22:58:12.933Z"}
{"level":"info","message":"logger initialized (test) → file","timestamp":"2025-08-13T22:59:18.475Z"}
{"level":"info","message":"Database connection established ✅","timestamp":"2025-08-13T22:59:18.507Z"}
{"level":"info","message":"Server is running on port 3000","timestamp":"2025-08-13T22:59:18.509Z"}
{"level":"info","message":"Rules updated: [{\"id\":94,\"value\":\"10.0.0.1\",\"active\":false}]","timestamp":"2025-08-13T22:59:18.561Z"}
{"level":"info","message":"logger initialized (test) → file","timestamp":"2025-08-13T22:59:18.920Z"}
{"level":"info","message":"Database connection established ✅","timestamp":"2025-08-13T22:59:18.942Z"}
{"level":"info","message":"Server is running on port 3000","timestamp":"2025-08-13T22:59:18.942Z"}
{"level":"error","message":"Error: Error: expected an array of valid IP addresses","timestamp":"2025-08-13T22:59:19.032Z"}
{"level":"error","message":"Error: Error: expected an array of valid Ports","timestamp":"2025-08-13T22:59:19.039Z"}
{"level":"error","message":"Error: Error: One or more rules already exist (conflict).","timestamp":"2025-08-13T22:59:19.063Z"}
{"level":"info","message":"logger initialized (test) → file","timestamp":"2025-08-13T22:59:19.411Z"}
{"level":"info","message":"Database connection established ✅","timestamp":"2025-08-13T22:59:19.431Z"}
{"level":"info","message":"Server is running on port 3000","timestamp":"2025-08-13T22:59:19.431Z"}
{"level":"info","message":"logger initialized (test) → file","timestamp":"2025-08-13T23:04:37.564Z"}
{"level":"info","message":"logger initialized (test) → file","timestamp":"2025-08-13T23:04:37.551Z"}
{"level":"info","message":"logger initialized (test) → file","timestamp":"2025-08-13T23:04:37.564Z"}
{"level":"info","message":"Database connection established ✅","timestamp":"2025-08-13T23:04:37.610Z"}
{"level":"info","message":"Database connection established ✅","timestamp":"2025-08-13T23:04:37.597Z"}
{"level":"info","message":"Database connection established ✅","timestamp":"2025-08-13T23:04:37.615Z"}
{"level":"info","message":"Server is running on port 3000","timestamp":"2025-08-13T23:04:37.599Z"}
{"level":"info","message":"Server is running on port 3000","timestamp":"2025-08-13T23:04:37.612Z"}
{"level":"info","message":"Server is running on port 3000","timestamp":"2025-08-13T23:04:37.617Z"}
{"level":"error","message":"Error: Error: One or more rules not found","timestamp":"2025-08-13T23:04:37.671Z"}
{"level":"error","message":"Error: Error: cannot find one of the rules","timestamp":"2025-08-13T23:04:37.658Z"}
{"level":"error","message":"Error: Error: expected an array of valid IP addresses","timestamp":"2025-08-13T23:04:37.709Z"}
{"level":"error","message":"Error: Error: expected an array of valid Ports","timestamp":"2025-08-13T23:04:37.715Z"}
{"level":"error","message":"Error: Error: One or more rules already exist (conflict).","timestamp":"2025-08-13T23:04:37.739Z"}
{"level":"info","message":"logger initialized (test) → file","timestamp":"2025-08-13T23:06:00.862Z"}
{"level":"info","message":"logger initialized (test) → file","timestamp":"2025-08-13T23:06:00.865Z"}
{"level":"info","message":"Database connection established ✅","timestamp":"2025-08-13T23:06:00.906Z"}
{"level":"info","message":"Server is running on port 3000","timestamp":"2025-08-13T23:06:00.908Z"}
{"level":"info","message":"logger initialized (test) → file","timestamp":"2025-08-13T23:06:00.900Z"}
{"level":"info","message":"Database connection established ✅","timestamp":"2025-08-13T23:06:00.919Z"}
{"level":"info","message":"Server is running on port 3000","timestamp":"2025-08-13T23:06:00.920Z"}
{"level":"info","message":"Database connection established ✅","timestamp":"2025-08-13T23:06:00.941Z"}
{"level":"info","message":"Server is running on port 3000","timestamp":"2025-08-13T23:06:00.943Z"}
{"level":"error","message":"Error: Error: cannot find one of the rules","timestamp":"2025-08-13T23:06:00.963Z"}
{"level":"info","message":"Rules updated: [{\"id\":111,\"value\":\"10.0.0.1\",\"active\":false}]","timestamp":"2025-08-13T23:06:01.004Z"}
{"level":"error","message":"Error: Error: expected an array of valid IP addresses","timestamp":"2025-08-13T23:06:01.011Z"}
{"level":"error","message":"Error: Error: expected an array of valid Ports","timestamp":"2025-08-13T23:06:01.017Z"}
{"level":"error","message":"Error: Error: One or more rules already exist (conflict).","timestamp":"2025-08-13T23:06:01.050Z"}
{"level":"info","message":"logger initialized (test) → file","timestamp":"2025-08-13T23:07:24.869Z"}
{"level":"info","message":"Database connection established ✅","timestamp":"2025-08-13T23:07:24.912Z"}
{"level":"info","message":"Server is running on port 3000","timestamp":"2025-08-13T23:07:24.914Z"}
{"level":"error","message":"Error: Error: expected an array of valid IP addresses","timestamp":"2025-08-13T23:07:25.005Z"}
{"level":"error","message":"Error: Error: expected an array of valid Ports","timestamp":"2025-08-13T23:07:25.011Z"}
{"level":"error","message":"Error: Error: One or more rules already exist (conflict).","timestamp":"2025-08-13T23:07:25.036Z"}
{"level":"info","message":"logger initialized (test) → file","timestamp":"2025-08-13T23:07:25.944Z"}
{"level":"info","message":"Database connection established ✅","timestamp":"2025-08-13T23:07:25.983Z"}
{"level":"info","message":"Server is running on port 3000","timestamp":"2025-08-13T23:07:25.985Z"}
{"level":"info","message":"logger initialized (test) → file","timestamp":"2025-08-13T23:07:25.978Z"}
{"level":"info","message":"Database connection established ✅","timestamp":"2025-08-13T23:07:26.016Z"}
{"level":"info","message":"Server is running on port 3000","timestamp":"2025-08-13T23:07:26.017Z"}
{"level":"info","message":"Rules updated: [{\"id\":120,\"value\":\"10.0.0.1\",\"active\":false}]","timestamp":"2025-08-13T23:07:26.058Z"}
{"level":"info","message":"Toggle response: 200 [object Object]","timestamp":"2025-08-13T23:07:26.059Z"}
{"level":"info","message":"Record after toggle: [object Object]","timestamp":"2025-08-13T23:07:26.062Z"}
{"level":"info","message":"Delete response: 200 [object Object]","timestamp":"2025-08-13T23:07:26.093Z"}
{"level":"info","message":"logger initialized (test) → file","timestamp":"2025-08-13T23:08:32.819Z"}
{"level":"info","message":"Database connection established ✅","timestamp":"2025-08-13T23:08:32.940Z"}
{"level":"info","message":"Server is running on port 3000","timestamp":"2025-08-13T23:08:32.944Z"}
{"level":"info","message":"Delete response: 200 [object Object]","timestamp":"2025-08-13T23:08:33.046Z"}
{"level":"info","message":"logger initialized (test) → file","timestamp":"2025-08-13T23:08:33.745Z"}
{"level":"info","message":"Database connection established ✅","timestamp":"2025-08-13T23:08:33.776Z"}
{"level":"info","message":"Server is running on port 3000","timestamp":"2025-08-13T23:08:33.778Z"}
{"level":"info","message":"Rules updated: [{\"id\":123,\"value\":\"10.0.0.1\",\"active\":false}]","timestamp":"2025-08-13T23:08:33.839Z"}
{"level":"info","message":"Toggle response: 200 [object Object]","timestamp":"2025-08-13T23:08:33.844Z"}
{"level":"info","message":"Record after toggle: [object Object]","timestamp":"2025-08-13T23:08:33.851Z"}
{"level":"info","message":"logger initialized (test) → file","timestamp":"2025-08-13T23:08:34.547Z"}
{"level":"info","message":"Database connection established ✅","timestamp":"2025-08-13T23:08:34.578Z"}
{"level":"info","message":"Server is running on port 3000","timestamp":"2025-08-13T23:08:34.581Z"}
{"level":"error","message":"Error: Error: expected an array of valid IP addresses","timestamp":"2025-08-13T23:08:34.688Z"}
{"level":"error","message":"Error: Error: expected an array of valid Ports","timestamp":"2025-08-13T23:08:34.704Z"}
{"level":"error","message":"Error: Error: One or more rules already exist (conflict).","timestamp":"2025-08-13T23:08:34.742Z"}
{"level":"info","message":"logger initialized (test) → file","timestamp":"2025-08-13T23:11:34.531Z"}
{"level":"info","message":"Database connection established ✅","timestamp":"2025-08-13T23:11:34.815Z"}
{"level":"info","message":"Server is running on port 3000","timestamp":"2025-08-13T23:11:34.818Z"}
{"level":"info","message":"✅ Fixture data populated for tests","timestamp":"2025-08-13T23:11:34.836Z"}
{"level":"info","message":"Total fixture rules loaded: 15","timestamp":"2025-08-13T23:11:34.875Z"}
{"level":"error","message":"Error: Error: One or more rules already exist (conflict).","timestamp":"2025-08-13T23:11:34.903Z"}
{"level":"info","message":"logger initialized (test) → file","timestamp":"2025-08-13T23:11:35.753Z"}
{"level":"info","message":"Database connection established ✅","timestamp":"2025-08-13T23:11:35.780Z"}
{"level":"info","message":"Server is running on port 3000","timestamp":"2025-08-13T23:11:35.782Z"}
{"level":"info","message":"Rules updated: [{\"id\":160,\"value\":\"192.168.1.100\",\"active\":false}]","timestamp":"2025-08-13T23:11:35.903Z"}
{"level":"info","message":"✅ Happy flow test completed successfully","timestamp":"2025-08-13T23:11:35.937Z"}
{"level":"info","message":"logger initialized (test) → file","timestamp":"2025-08-13T23:11:36.643Z"}
{"level":"info","message":"Database connection established ✅","timestamp":"2025-08-13T23:11:36.670Z"}
{"level":"info","message":"Server is running on port 3000","timestamp":"2025-08-13T23:11:36.673Z"}
{"level":"info","message":"logger initialized (test) → file","timestamp":"2025-08-13T23:11:37.122Z"}
{"level":"info","message":"Database connection established ✅","timestamp":"2025-08-13T23:11:37.152Z"}
{"level":"info","message":"Server is running on port 3000","timestamp":"2025-08-13T23:11:37.154Z"}
{"level":"info","message":"Delete response: 200 [object Object]","timestamp":"2025-08-13T23:11:37.211Z"}
{"level":"info","message":"logger initialized (test) → file","timestamp":"2025-08-13T23:11:37.878Z"}
{"level":"info","message":"Database connection established ✅","timestamp":"2025-08-13T23:11:37.910Z"}
{"level":"info","message":"Server is running on port 3000","timestamp":"2025-08-13T23:11:37.913Z"}
{"level":"error","message":"Error: Error: expected an array of valid IP addresses","timestamp":"2025-08-13T23:11:38.096Z"}
{"level":"error","message":"Error: Error: expected an array of valid Ports","timestamp":"2025-08-13T23:11:38.112Z"}
{"level":"error","message":"Error: Error: One or more rules already exist (conflict).","timestamp":"2025-08-13T23:11:38.153Z"}
{"level":"info","message":"logger initialized (test) → file","timestamp":"2025-08-13T23:11:38.495Z"}
{"level":"info","message":"Database connection established ✅","timestamp":"2025-08-13T23:11:38.538Z"}
{"level":"info","message":"Server is running on port 3000","timestamp":"2025-08-13T23:11:38.540Z"}
{"level":"info","message":"Rules updated: [{\"id\":180,\"value\":\"10.0.0.1\",\"active\":false}]","timestamp":"2025-08-13T23:11:38.610Z"}
{"level":"info","message":"Toggle response: 200 [object Object]","timestamp":"2025-08-13T23:11:38.614Z"}
{"level":"info","message":"Record after toggle: [object Object]","timestamp":"2025-08-13T23:11:38.618Z"}
{"level":"info","message":"logger initialized (test) → file","timestamp":"2025-08-13T23:13:48.089Z"}
{"level":"info","message":"Database connection established ✅","timestamp":"2025-08-13T23:13:48.207Z"}
{"level":"info","message":"Server is running on port 3000","timestamp":"2025-08-13T23:13:48.211Z"}
{"level":"error","message":"Error: Error: expected an array of valid IP addresses","timestamp":"2025-08-13T23:13:48.249Z"}
{"level":"error","message":"Error: Error: One or more rules not found","timestamp":"2025-08-13T23:13:48.285Z"}
{"level":"error","message":"Error: values() must be called with at least one value","timestamp":"2025-08-13T23:13:48.323Z"}
{"level":"error","message":"Error: Error: expected an array of valid Ports","timestamp":"2025-08-13T23:13:48.338Z"}
{"level":"error","message":"Error: Error: expected an array of valid Ports","timestamp":"2025-08-13T23:13:48.351Z"}
{"level":"info","message":"logger initialized (test) → file","timestamp":"2025-08-13T23:13:49.342Z"}
{"level":"info","message":"Database connection established ✅","timestamp":"2025-08-13T23:13:49.379Z"}
{"level":"info","message":"Server is running on port 3000","timestamp":"2025-08-13T23:13:49.381Z"}
{"level":"error","message":"Error: Error: missing \"values\" / \"mode\"","timestamp":"2025-08-13T23:13:49.407Z"}
{"level":"error","message":"Error: Error: mode can be \"blacklist\" / \"whitelist\"","timestamp":"2025-08-13T23:13:49.435Z"}
{"level":"error","message":"Error: Error: expected an array of valid URL addresses","timestamp":"2025-08-13T23:13:49.469Z"}
{"level":"error","message":"Error: Error: missing \"url\" / \"ip\" / \"port\"","timestamp":"2025-08-13T23:13:49.494Z"}
{"level":"error","message":"Error: Error: Invalid or missing fields for ips","timestamp":"2025-08-13T23:13:49.514Z"}
{"level":"error","message":"Error: Error: Invalid mode for ips","timestamp":"2025-08-13T23:13:49.529Z"}
{"level":"info","message":"logger initialized (test) → file","timestamp":"2025-08-13T23:13:49.931Z"}
{"level":"info","message":"Database connection established ✅","timestamp":"2025-08-13T23:13:50.117Z"}
{"level":"info","message":"Server is running on port 3000","timestamp":"2025-08-13T23:13:50.120Z"}
{"level":"info","message":"✅ Fixture data populated for tests","timestamp":"2025-08-13T23:13:50.140Z"}
{"level":"info","message":"Total fixture rules loaded: 15","timestamp":"2025-08-13T23:13:50.165Z"}
{"level":"error","message":"Error: Error: One or more rules already exist (conflict).","timestamp":"2025-08-13T23:13:50.188Z"}
{"level":"info","message":"logger initialized (test) → file","timestamp":"2025-08-13T23:13:50.593Z"}
{"level":"info","message":"Database connection established ✅","timestamp":"2025-08-13T23:13:50.628Z"}
{"level":"info","message":"Server is running on port 3000","timestamp":"2025-08-13T23:13:50.630Z"}
{"level":"info","message":"Rules updated: [{\"id\":212,\"value\":\"192.168.1.100\",\"active\":false}]","timestamp":"2025-08-13T23:13:50.744Z"}
{"level":"info","message":"✅ Happy flow test completed successfully","timestamp":"2025-08-13T23:13:50.778Z"}
{"level":"info","message":"logger initialized (test) → file","timestamp":"2025-08-13T23:13:51.180Z"}
{"level":"info","message":"Database connection established ✅","timestamp":"2025-08-13T23:13:51.212Z"}
{"level":"info","message":"Server is running on port 3000","timestamp":"2025-08-13T23:13:51.214Z"}
{"level":"error","message":"Error: Error: expected an array of valid IP addresses","timestamp":"2025-08-13T23:13:51.416Z"}
{"level":"error","message":"Error: Error: expected an array of valid Ports","timestamp":"2025-08-13T23:13:51.434Z"}
{"level":"error","message":"Error: Error: One or more rules already exist (conflict).","timestamp":"2025-08-13T23:13:51.483Z"}
{"level":"info","message":"logger initialized (test) → file","timestamp":"2025-08-13T23:13:52.367Z"}
{"level":"info","message":"Database connection established ✅","timestamp":"2025-08-13T23:13:52.412Z"}
{"level":"info","message":"Server is running on port 3000","timestamp":"2025-08-13T23:13:52.414Z"}
{"level":"info","message":"Hello from Express!","timestamp":"2025-08-13T23:13:52.433Z"}
{"level":"info","message":"logger initialized (test) → file","timestamp":"2025-08-13T23:13:52.907Z"}
{"level":"info","message":"Database connection established ✅","timestamp":"2025-08-13T23:13:52.943Z"}
{"level":"info","message":"Server is running on port 3000","timestamp":"2025-08-13T23:13:52.946Z"}
{"level":"info","message":"Rules updated: [{\"id\":231,\"value\":\"10.0.0.1\",\"active\":false}]","timestamp":"2025-08-13T23:13:53.011Z"}
{"level":"info","message":"Toggle response: 200 [object Object]","timestamp":"2025-08-13T23:13:53.015Z"}
{"level":"info","message":"Record after toggle: [object Object]","timestamp":"2025-08-13T23:13:53.022Z"}
{"level":"info","message":"logger initialized (test) → file","timestamp":"2025-08-13T23:13:53.426Z"}
{"level":"info","message":"Database connection established ✅","timestamp":"2025-08-13T23:13:53.463Z"}
{"level":"info","message":"Server is running on port 3000","timestamp":"2025-08-13T23:13:53.465Z"}
{"level":"info","message":"Delete response: 200 [object Object]","timestamp":"2025-08-13T23:13:53.523Z"}
{"level":"info","message":"logger initialized (test) → file","timestamp":"2025-08-13T23:14:10.875Z"}
{"level":"info","message":"Database connection established ✅","timestamp":"2025-08-13T23:14:10.997Z"}
{"level":"info","message":"Server is running on port 3000","timestamp":"2025-08-13T23:14:11.002Z"}
{"level":"error","message":"Error: Error: expected an array of valid IP addresses","timestamp":"2025-08-13T23:14:11.040Z"}
{"level":"error","message":"Error: Error: One or more rules not found","timestamp":"2025-08-13T23:14:11.076Z"}
{"level":"error","message":"Error: values() must be called with at least one value","timestamp":"2025-08-13T23:14:11.115Z"}
{"level":"error","message":"Error: Error: expected an array of valid Ports","timestamp":"2025-08-13T23:14:11.129Z"}
{"level":"error","message":"Error: Error: expected an array of valid Ports","timestamp":"2025-08-13T23:14:11.142Z"}
{"level":"info","message":"logger initialized (test) → file","timestamp":"2025-08-13T23:14:11.647Z"}
{"level":"info","message":"Database connection established ✅","timestamp":"2025-08-13T23:14:11.680Z"}
{"level":"info","message":"Server is running on port 3000","timestamp":"2025-08-13T23:14:11.683Z"}
{"level":"error","message":"Error: Error: missing \"values\" / \"mode\"","timestamp":"2025-08-13T23:14:11.707Z"}
{"level":"error","message":"Error: Error: mode can be \"blacklist\" / \"whitelist\"","timestamp":"2025-08-13T23:14:11.725Z"}
{"level":"error","message":"Error: Error: expected an array of valid URL addresses","timestamp":"2025-08-13T23:14:11.742Z"}
{"level":"error","message":"Error: Error: missing \"url\" / \"ip\" / \"port\"","timestamp":"2025-08-13T23:14:11.759Z"}
{"level":"error","message":"Error: Error: Invalid or missing fields for ips","timestamp":"2025-08-13T23:14:11.774Z"}
{"level":"error","message":"Error: Error: Invalid mode for ips","timestamp":"2025-08-13T23:14:11.788Z"}
{"level":"info","message":"logger initialized (test) → file","timestamp":"2025-08-13T23:14:12.196Z"}
{"level":"info","message":"Database connection established ✅","timestamp":"2025-08-13T23:14:12.229Z"}
{"level":"info","message":"Server is running on port 3000","timestamp":"2025-08-13T23:14:12.231Z"}
{"level":"info","message":"Hello from Express!","timestamp":"2025-08-13T23:14:12.244Z"}
{"level":"info","message":"logger initialized (test) → file","timestamp":"2025-08-13T23:14:12.726Z"}
{"level":"info","message":"Database connection established ✅","timestamp":"2025-08-13T23:14:12.756Z"}
{"level":"info","message":"Server is running on port 3000","timestamp":"2025-08-13T23:14:12.759Z"}
{"level":"error","message":"Error: Error: expected an array of valid IP addresses","timestamp":"2025-08-13T23:14:12.941Z"}
{"level":"error","message":"Error: Error: expected an array of valid Ports","timestamp":"2025-08-13T23:14:12.956Z"}
{"level":"error","message":"Error: Error: One or more rules already exist (conflict).","timestamp":"2025-08-13T23:14:12.994Z"}
{"level":"info","message":"logger initialized (test) → file","timestamp":"2025-08-13T23:14:13.401Z"}
{"level":"info","message":"Database connection established ✅","timestamp":"2025-08-13T23:14:13.590Z"}
{"level":"info","message":"Server is running on port 3000","timestamp":"2025-08-13T23:14:13.592Z"}
{"level":"info","message":"✅ Fixture data populated for tests","timestamp":"2025-08-13T23:14:13.610Z"}
{"level":"info","message":"Total fixture rules loaded: 15","timestamp":"2025-08-13T23:14:13.635Z"}
{"level":"error","message":"Error: Error: One or more rules already exist (conflict).","timestamp":"2025-08-13T23:14:13.655Z"}
{"level":"info","message":"logger initialized (test) → file","timestamp":"2025-08-13T23:14:14.041Z"}
{"level":"info","message":"Database connection established ✅","timestamp":"2025-08-13T23:14:14.079Z"}
{"level":"info","message":"Server is running on port 3000","timestamp":"2025-08-13T23:14:14.081Z"}
{"level":"info","message":"Rules updated: [{\"id\":278,\"value\":\"192.168.1.100\",\"active\":false}]","timestamp":"2025-08-13T23:14:14.195Z"}
{"level":"info","message":"✅ Happy flow test completed successfully","timestamp":"2025-08-13T23:14:14.229Z"}
{"level":"info","message":"logger initialized (test) → file","timestamp":"2025-08-13T23:14:14.605Z"}
{"level":"info","message":"Database connection established ✅","timestamp":"2025-08-13T23:14:14.642Z"}
{"level":"info","message":"Server is running on port 3000","timestamp":"2025-08-13T23:14:14.644Z"}
{"level":"info","message":"Rules updated: [{\"id\":283,\"value\":\"10.0.0.1\",\"active\":false}]","timestamp":"2025-08-13T23:14:14.698Z"}
{"level":"info","message":"Toggle response: 200 [object Object]","timestamp":"2025-08-13T23:14:14.702Z"}
{"level":"info","message":"Record after toggle: [object Object]","timestamp":"2025-08-13T23:14:14.708Z"}
{"level":"info","message":"logger initialized (test) → file","timestamp":"2025-08-13T23:14:15.093Z"}
{"level":"info","message":"Database connection established ✅","timestamp":"2025-08-13T23:14:15.127Z"}
{"level":"info","message":"Server is running on port 3000","timestamp":"2025-08-13T23:14:15.129Z"}
{"level":"info","message":"Delete response: 200 [object Object]","timestamp":"2025-08-13T23:14:15.188Z"}
{"level":"info","message":"logger initialized (test) → file","timestamp":"2025-08-13T23:15:12.825Z"}
{"level":"info","message":"Database connection established ✅","timestamp":"2025-08-13T23:15:12.945Z"}
{"level":"info","message":"Server is running on port 3000","timestamp":"2025-08-13T23:15:12.948Z"}
{"level":"error","message":"Error: Error: cannot find one of the rules","timestamp":"2025-08-13T23:15:12.999Z"}
{"level":"error","message":"Error: Error: One or more rules not found","timestamp":"2025-08-13T23:15:13.027Z"}
{"level":"error","message":"Error: values() must be called with at least one value","timestamp":"2025-08-13T23:15:13.065Z"}
{"level":"error","message":"Error: Error: expected an array of valid Ports","timestamp":"2025-08-13T23:15:13.084Z"}
{"level":"error","message":"Error: Error: expected an array of valid Ports","timestamp":"2025-08-13T23:15:13.098Z"}
{"level":"info","message":"logger initialized (test) → file","timestamp":"2025-08-13T23:15:13.979Z"}
{"level":"info","message":"Database connection established ✅","timestamp":"2025-08-13T23:15:14.015Z"}
{"level":"info","message":"Server is running on port 3000","timestamp":"2025-08-13T23:15:14.017Z"}
{"level":"error","message":"Error: Error: expected an array of valid Ports","timestamp":"2025-08-13T23:15:14.065Z"}
{"level":"info","message":"Rules updated: [{\"id\":286,\"value\":\"10.10.10.11\",\"active\":false}]","timestamp":"2025-08-13T23:15:14.180Z"}
{"level":"error","message":"Error: Error: missing \"values\" / \"mode\"","timestamp":"2025-08-13T23:15:14.198Z"}
{"level":"info","message":"logger initialized (test) → file","timestamp":"2025-08-13T23:15:14.599Z"}
{"level":"info","message":"Database connection established ✅","timestamp":"2025-08-13T23:15:14.633Z"}
{"level":"info","message":"Server is running on port 3000","timestamp":"2025-08-13T23:15:14.635Z"}
{"level":"error","message":"Error: Error: expected an array of valid IP addresses","timestamp":"2025-08-13T23:15:14.812Z"}
{"level":"error","message":"Error: Error: expected an array of valid Ports","timestamp":"2025-08-13T23:15:14.826Z"}
{"level":"error","message":"Error: Error: One or more rules already exist (conflict).","timestamp":"2025-08-13T23:15:14.863Z"}
{"level":"info","message":"logger initialized (test) → file","timestamp":"2025-08-13T23:15:15.280Z"}
{"level":"info","message":"Database connection established ✅","timestamp":"2025-08-13T23:15:15.465Z"}
{"level":"info","message":"Server is running on port 3000","timestamp":"2025-08-13T23:15:15.467Z"}
{"level":"info","message":"✅ Fixture data populated for tests","timestamp":"2025-08-13T23:15:15.491Z"}
{"level":"info","message":"Total fixture rules loaded: 15","timestamp":"2025-08-13T23:15:15.517Z"}
{"level":"error","message":"Error: Error: One or more rules already exist (conflict).","timestamp":"2025-08-13T23:15:15.541Z"}
{"level":"info","message":"logger initialized (test) → file","timestamp":"2025-08-13T23:15:15.938Z"}
{"level":"info","message":"Database connection established ✅","timestamp":"2025-08-13T23:15:15.978Z"}
{"level":"info","message":"Server is running on port 3000","timestamp":"2025-08-13T23:15:15.980Z"}
{"level":"error","message":"Error: Error: missing \"values\" / \"mode\"","timestamp":"2025-08-13T23:15:16.003Z"}
{"level":"error","message":"Error: Error: mode can be \"blacklist\" / \"whitelist\"","timestamp":"2025-08-13T23:15:16.025Z"}
{"level":"error","message":"Error: Error: expected an array of valid URL addresses","timestamp":"2025-08-13T23:15:16.043Z"}
{"level":"error","message":"Error: Error: missing \"url\" / \"ip\" / \"port\"","timestamp":"2025-08-13T23:15:16.063Z"}
{"level":"error","message":"Error: Error: Invalid or missing fields for ips","timestamp":"2025-08-13T23:15:16.079Z"}
{"level":"error","message":"Error: Error: Invalid mode for ips","timestamp":"2025-08-13T23:15:16.096Z"}
{"level":"info","message":"logger initialized (test) → file","timestamp":"2025-08-13T23:15:16.489Z"}
{"level":"info","message":"Database connection established ✅","timestamp":"2025-08-13T23:15:16.522Z"}
{"level":"info","message":"Server is running on port 3000","timestamp":"2025-08-13T23:15:16.525Z"}
{"level":"info","message":"Rules updated: [{\"id\":330,\"value\":\"192.168.1.100\",\"active\":false}]","timestamp":"2025-08-13T23:15:16.644Z"}
{"level":"info","message":"✅ Happy flow test completed successfully","timestamp":"2025-08-13T23:15:16.684Z"}
{"level":"info","message":"logger initialized (test) → file","timestamp":"2025-08-13T23:15:17.075Z"}
{"level":"info","message":"Database connection established ✅","timestamp":"2025-08-13T23:15:17.120Z"}
{"level":"info","message":"Server is running on port 3000","timestamp":"2025-08-13T23:15:17.124Z"}
{"level":"info","message":"Hello from Express!","timestamp":"2025-08-13T23:15:17.140Z"}
{"level":"info","message":"logger initialized (test) → file","timestamp":"2025-08-13T23:15:17.601Z"}
{"level":"info","message":"Database connection established ✅","timestamp":"2025-08-13T23:15:17.633Z"}
{"level":"info","message":"Server is running on port 3000","timestamp":"2025-08-13T23:15:17.635Z"}
{"level":"info","message":"Delete response: 200 [object Object]","timestamp":"2025-08-13T23:15:17.694Z"}
{"level":"info","message":"logger initialized (test) → file","timestamp":"2025-08-13T23:15:18.082Z"}
{"level":"info","message":"Database connection established ✅","timestamp":"2025-08-13T23:15:18.119Z"}
{"level":"info","message":"Server is running on port 3000","timestamp":"2025-08-13T23:15:18.121Z"}
{"level":"info","message":"Rules updated: [{\"id\":338,\"value\":\"10.0.0.1\",\"active\":false}]","timestamp":"2025-08-13T23:15:18.179Z"}
{"level":"info","message":"Toggle response: 200 [object Object]","timestamp":"2025-08-13T23:15:18.183Z"}
{"level":"info","message":"Record after toggle: [object Object]","timestamp":"2025-08-13T23:15:18.189Z"}
{"level":"info","message":"logger initialized (test) → file","timestamp":"2025-08-13T23:17:33.575Z"}
{"level":"info","message":"Database connection established ✅","timestamp":"2025-08-13T23:17:33.807Z"}
{"level":"info","message":"Server is running on port 3000","timestamp":"2025-08-13T23:17:33.811Z"}
{"level":"info","message":"✅ Fixture data populated for tests","timestamp":"2025-08-13T23:17:33.828Z"}
{"level":"info","message":"Total fixture rules loaded: 15","timestamp":"2025-08-13T23:17:33.867Z"}
{"level":"error","message":"Error: Error: One or more rules already exist (conflict).","timestamp":"2025-08-13T23:17:33.894Z"}
{"level":"info","message":"logger initialized (test) → file","timestamp":"2025-08-13T23:17:34.272Z"}
{"level":"info","message":"Database connection established ✅","timestamp":"2025-08-13T23:17:34.301Z"}
{"level":"info","message":"Server is running on port 3000","timestamp":"2025-08-13T23:17:34.303Z"}
{"level":"error","message":"Error: Error: expected an array of valid IP addresses","timestamp":"2025-08-13T23:17:34.485Z"}
{"level":"error","message":"Error: Error: expected an array of valid Ports","timestamp":"2025-08-13T23:17:34.502Z"}
{"level":"error","message":"Error: Error: One or more rules already exist (conflict).","timestamp":"2025-08-13T23:17:34.540Z"}
{"level":"info","message":"logger initialized (test) → file","timestamp":"2025-08-13T23:17:35.866Z"}
{"level":"info","message":"Database connection established ✅","timestamp":"2025-08-13T23:17:35.895Z"}
{"level":"info","message":"Server is running on port 3000","timestamp":"2025-08-13T23:17:35.897Z"}
{"level":"info","message":"🚀 Starting happy flow system test...","timestamp":"2025-08-13T23:17:35.900Z"}
{"level":"info","message":"✅ Step 1: Verified empty system","timestamp":"2025-08-13T23:17:35.925Z"}
{"level":"info","message":"✅ Step 2: Added IP, Port, and URL rules","timestamp":"2025-08-13T23:17:35.985Z"}
{"level":"info","message":"✅ Step 3: Verified rules were added","timestamp":"2025-08-13T23:17:36.000Z"}
{"level":"info","message":"Rules updated: [{\"id\":382,\"value\":\"192.168.1.100\",\"active\":false}]","timestamp":"2025-08-13T23:17:36.024Z"}
{"level":"info","message":"✅ Step 4: Toggled IP rule to inactive","timestamp":"2025-08-13T23:17:36.030Z"}
{"level":"info","message":"✅ Step 5: Deleted port rule","timestamp":"2025-08-13T23:17:36.054Z"}
{"level":"info","message":"✅ Step 6: Verified final system state","timestamp":"2025-08-13T23:17:36.072Z"}
{"level":"info","message":"🎉 Happy flow system test completed successfully!","timestamp":"2025-08-13T23:17:36.073Z"}
{"level":"info","message":"logger initialized (test) → file","timestamp":"2025-08-13T23:17:36.421Z"}
{"level":"info","message":"Database connection established ✅","timestamp":"2025-08-13T23:17:36.450Z"}
{"level":"info","message":"Server is running on port 3000","timestamp":"2025-08-13T23:17:36.451Z"}
{"level":"info","message":"Rules updated: [{\"id\":385,\"value\":\"10.0.0.1\",\"active\":false}]","timestamp":"2025-08-13T23:17:36.507Z"}
{"level":"info","message":"Toggle response: 200 [object Object]","timestamp":"2025-08-13T23:17:36.513Z"}
{"level":"info","message":"Record after toggle: [object Object]","timestamp":"2025-08-13T23:17:36.518Z"}
{"level":"info","message":"logger initialized (test) → file","timestamp":"2025-08-13T23:17:36.856Z"}
{"level":"info","message":"Database connection established ✅","timestamp":"2025-08-13T23:17:36.885Z"}
{"level":"info","message":"Server is running on port 3000","timestamp":"2025-08-13T23:17:36.887Z"}
{"level":"info","message":"Delete response: 200 [object Object]","timestamp":"2025-08-13T23:17:36.939Z"}
{"level":"info","message":"logger initialized (test) → file","timestamp":"2025-08-13T23:22:40.215Z"}
{"level":"info","message":"Database connection established ✅","timestamp":"2025-08-13T23:22:40.448Z"}
{"level":"info","message":"Server is running on port 3000","timestamp":"2025-08-13T23:22:40.452Z"}
{"level":"error","message":"Error: Error: One or more rules already exist (conflict).","timestamp":"2025-08-13T23:22:40.529Z"}
{"level":"info","message":"logger initialized (test) → file","timestamp":"2025-08-13T23:22:41.244Z"}
{"level":"info","message":"Database connection established ✅","timestamp":"2025-08-13T23:22:41.270Z"}
{"level":"info","message":"Server is running on port 3000","timestamp":"2025-08-13T23:22:41.272Z"}
{"level":"info","message":"Rules updated: [{\"id\":428,\"value\":\"192.168.1.1\",\"active\":false}]","timestamp":"2025-08-13T23:22:41.365Z"}
{"level":"info","message":"logger initialized (test) → file","timestamp":"2025-08-13T23:22:42.096Z"}
{"level":"info","message":"Database connection established ✅","timestamp":"2025-08-13T23:22:42.127Z"}
{"level":"info","message":"Server is running on port 3000","timestamp":"2025-08-13T23:22:42.129Z"}
{"level":"error","message":"Error: Error: expected an array of valid IP addresses","timestamp":"2025-08-13T23:22:42.252Z"}
{"level":"error","message":"Error: Error: expected an array of valid Ports","timestamp":"2025-08-13T23:22:42.267Z"}
{"level":"error","message":"Error: Error: One or more rules already exist (conflict).","timestamp":"2025-08-13T23:22:42.302Z"}
{"level":"info","message":"logger initialized (test) → file","timestamp":"2025-08-13T23:22:42.974Z"}
{"level":"info","message":"Database connection established ✅","timestamp":"2025-08-13T23:22:43.002Z"}
{"level":"info","message":"Server is running on port 3000","timestamp":"2025-08-13T23:22:43.004Z"}
{"level":"info","message":"Rules updated: [{\"id\":437,\"value\":\"192.168.1.1\",\"active\":false}]","timestamp":"2025-08-13T23:22:43.061Z"}
{"level":"info","message":"logger initialized (test) → file","timestamp":"2025-08-13T23:22:43.723Z"}
{"level":"info","message":"Database connection established ✅","timestamp":"2025-08-13T23:22:43.753Z"}
{"level":"info","message":"Server is running on port 3000","timestamp":"2025-08-13T23:22:43.756Z"}
{"level":"info","message":"logger initialized (test) → file","timestamp":"2025-08-13T23:23:30.553Z"}
{"level":"info","message":"Database connection established ✅","timestamp":"2025-08-13T23:23:30.755Z"}
{"level":"info","message":"Server is running on port 3000","timestamp":"2025-08-13T23:23:30.759Z"}
{"level":"error","message":"Error: Error: One or more rules already exist (conflict).","timestamp":"2025-08-13T23:23:30.843Z"}
{"level":"info","message":"logger initialized (test) → file","timestamp":"2025-08-13T23:23:31.231Z"}
{"level":"info","message":"Database connection established ✅","timestamp":"2025-08-13T23:23:31.262Z"}
{"level":"info","message":"Server is running on port 3000","timestamp":"2025-08-13T23:23:31.264Z"}
{"level":"error","message":"Error: Error: expected an array of valid IP addresses","timestamp":"2025-08-13T23:23:31.393Z"}
{"level":"error","message":"Error: Error: expected an array of valid Ports","timestamp":"2025-08-13T23:23:31.406Z"}
{"level":"error","message":"Error: Error: One or more rules already exist (conflict).","timestamp":"2025-08-13T23:23:31.443Z"}
{"level":"info","message":"logger initialized (test) → file","timestamp":"2025-08-13T23:23:31.789Z"}
{"level":"info","message":"Database connection established ✅","timestamp":"2025-08-13T23:23:31.814Z"}
{"level":"info","message":"Server is running on port 3000","timestamp":"2025-08-13T23:23:31.816Z"}
{"level":"info","message":"Rules updated: [{\"id\":487,\"value\":\"192.168.1.1\",\"active\":false}]","timestamp":"2025-08-13T23:23:31.913Z"}
{"level":"info","message":"logger initialized (test) → file","timestamp":"2025-08-13T23:23:32.306Z"}
{"level":"info","message":"Database connection established ✅","timestamp":"2025-08-13T23:23:32.332Z"}
{"level":"info","message":"Server is running on port 3000","timestamp":"2025-08-13T23:23:32.334Z"}
{"level":"info","message":"Rules updated: [{\"id\":489,\"value\":\"192.168.1.1\",\"active\":false}]","timestamp":"2025-08-13T23:23:32.389Z"}
{"level":"info","message":"logger initialized (test) → file","timestamp":"2025-08-13T23:23:32.738Z"}
{"level":"info","message":"Database connection established ✅","timestamp":"2025-08-13T23:23:32.766Z"}
{"level":"info","message":"Server is running on port 3000","timestamp":"2025-08-13T23:23:32.768Z"}
{"level":"info","message":"logger initialized (test) → file","timestamp":"2025-08-13T23:25:36.998Z"}
{"level":"info","message":"Database connection established ✅","timestamp":"2025-08-13T23:25:37.107Z"}
{"level":"info","message":"Server is running on port 3000","timestamp":"2025-08-13T23:25:37.114Z"}
{"level":"error","message":"Error: Error: expected an array of valid IP addresses","timestamp":"2025-08-13T23:25:37.256Z"}
{"level":"error","message":"Error: Error: expected an array of valid Ports","timestamp":"2025-08-13T23:25:37.269Z"}
{"level":"error","message":"Error: Error: One or more rules already exist (conflict).","timestamp":"2025-08-13T23:25:37.302Z"}
{"level":"info","message":"logger initialized (test) → file","timestamp":"2025-08-13T23:25:37.719Z"}
{"level":"info","message":"Database connection established ✅","timestamp":"2025-08-13T23:25:37.743Z"}
{"level":"info","message":"Server is running on port 3000","timestamp":"2025-08-13T23:25:37.745Z"}
{"level":"info","message":"Rules updated: [{\"id\":498,\"value\":\"192.168.1.1\",\"active\":false}]","timestamp":"2025-08-13T23:25:37.840Z"}
{"level":"info","message":"logger initialized (test) → file","timestamp":"2025-08-13T23:25:38.215Z"}
{"level":"info","message":"Database connection established ✅","timestamp":"2025-08-13T23:25:38.242Z"}
{"level":"info","message":"Server is running on port 3000","timestamp":"2025-08-13T23:25:38.244Z"}
{"level":"info","message":"logger initialized (test) → file","timestamp":"2025-08-13T23:25:38.639Z"}
{"level":"info","message":"Database connection established ✅","timestamp":"2025-08-13T23:25:38.669Z"}
{"level":"info","message":"Server is running on port 3000","timestamp":"2025-08-13T23:25:38.671Z"}
{"level":"info","message":"Rules updated: [{\"id\":501,\"value\":\"192.168.1.1\",\"active\":false}]","timestamp":"2025-08-13T23:25:38.727Z"}
{"level":"info","message":"logger initialized (test) → file","timestamp":"2025-08-13T23:26:57.952Z"}
{"level":"info","message":"Database connection established ✅","timestamp":"2025-08-13T23:26:58.066Z"}
{"level":"info","message":"Server is running on port 3000","timestamp":"2025-08-13T23:26:58.070Z"}
{"level":"error","message":"Error: Error: expected an array of valid IP addresses","timestamp":"2025-08-13T23:26:58.219Z"}
{"level":"error","message":"Error: Error: expected an array of valid Ports","timestamp":"2025-08-13T23:26:58.236Z"}
{"level":"error","message":"Error: Error: missing \"values\" / \"mode\"","timestamp":"2025-08-13T23:26:58.251Z"}
{"level":"error","message":"Error: Error: mode can be \"blacklist\" / \"whitelist\"","timestamp":"2025-08-13T23:26:58.266Z"}
{"level":"error","message":"Error: Error: expected an array of valid URL addresses","timestamp":"2025-08-13T23:26:58.282Z"}
{"level":"error","message":"Error: Error: One or more rules already exist (conflict).","timestamp":"2025-08-13T23:26:58.319Z"}
{"level":"info","message":"logger initialized (test) → file","timestamp":"2025-08-13T23:26:59.170Z"}
{"level":"info","message":"Database connection established ✅","timestamp":"2025-08-13T23:26:59.201Z"}
{"level":"info","message":"Server is running on port 3000","timestamp":"2025-08-13T23:26:59.203Z"}
{"level":"info","message":"Rules updated: [{\"id\":509,\"value\":\"192.168.1.1\",\"active\":false}]","timestamp":"2025-08-13T23:26:59.325Z"}
{"level":"info","message":"logger initialized (test) → file","timestamp":"2025-08-13T23:27:00.171Z"}
{"level":"info","message":"Database connection established ✅","timestamp":"2025-08-13T23:27:00.206Z"}
{"level":"info","message":"Server is running on port 3000","timestamp":"2025-08-13T23:27:00.208Z"}
{"level":"info","message":"Rules updated: [{\"id\":511,\"value\":\"192.168.1.1\",\"active\":false}]","timestamp":"2025-08-13T23:27:00.267Z"}
{"level":"error","message":"Error: Error: One or more rules not found","timestamp":"2025-08-13T23:27:00.292Z"}
{"level":"error","message":"Error: Error: missing \"url\" / \"ip\" / \"port\"","timestamp":"2025-08-13T23:27:00.314Z"}
{"level":"error","message":"Error: Error: Invalid mode for ips","timestamp":"2025-08-13T23:27:00.330Z"}
{"level":"info","message":"logger initialized (test) → file","timestamp":"2025-08-13T23:27:01.112Z"}
{"level":"info","message":"Database connection established ✅","timestamp":"2025-08-13T23:27:01.154Z"}
{"level":"info","message":"Server is running on port 3000","timestamp":"2025-08-13T23:27:01.156Z"}
{"level":"error","message":"Error: Error: cannot find one of the rules","timestamp":"2025-08-13T23:27:01.220Z"}
{"level":"info","message":"logger initialized (test) → file","timestamp":"2025-08-13T23:31:50.912Z"}
{"level":"info","message":"Database connection established ✅","timestamp":"2025-08-13T23:31:51.028Z"}
{"level":"info","message":"Server is running on port 3000","timestamp":"2025-08-13T23:31:51.032Z"}
{"level":"error","message":"Error: Error: expected an array of valid IP addresses","timestamp":"2025-08-13T23:31:51.175Z"}
{"level":"error","message":"Error: Error: expected an array of valid Ports","timestamp":"2025-08-13T23:31:51.190Z"}
{"level":"error","message":"Error: Error: missing \"values\" / \"mode\"","timestamp":"2025-08-13T23:31:51.206Z"}
{"level":"error","message":"Error: Error: mode can be \"blacklist\" / \"whitelist\"","timestamp":"2025-08-13T23:31:51.221Z"}
{"level":"error","message":"Error: Error: expected an array of valid URL addresses","timestamp":"2025-08-13T23:31:51.235Z"}
{"level":"error","message":"Error: Error: One or more rules already exist (conflict).","timestamp":"2025-08-13T23:31:51.283Z"}
{"level":"info","message":"logger initialized (test) → file","timestamp":"2025-08-13T23:31:51.990Z"}
{"level":"info","message":"Database connection established ✅","timestamp":"2025-08-13T23:31:52.019Z"}
{"level":"info","message":"Server is running on port 3000","timestamp":"2025-08-13T23:31:52.022Z"}
{"level":"info","message":"Rules updated: [{\"id\":520,\"value\":\"192.168.1.1\",\"active\":false}]","timestamp":"2025-08-13T23:31:52.135Z"}
{"level":"info","message":"logger initialized (test) → file","timestamp":"2025-08-13T23:31:52.874Z"}
{"level":"info","message":"Database connection established ✅","timestamp":"2025-08-13T23:31:52.902Z"}
{"level":"info","message":"Server is running on port 3000","timestamp":"2025-08-13T23:31:52.904Z"}
{"level":"info","message":"Rules updated: [{\"id\":522,\"value\":\"192.168.1.1\",\"active\":false}]","timestamp":"2025-08-13T23:31:52.961Z"}
{"level":"error","message":"Error: Error: One or more rules not found","timestamp":"2025-08-13T23:31:52.979Z"}
{"level":"error","message":"Error: Error: missing \"url\" / \"ip\" / \"port\"","timestamp":"2025-08-13T23:31:52.993Z"}
{"level":"error","message":"Error: Error: Invalid mode for ips","timestamp":"2025-08-13T23:31:53.006Z"}
{"level":"info","message":"logger initialized (test) → file","timestamp":"2025-08-13T23:31:53.665Z"}
{"level":"info","message":"Database connection established ✅","timestamp":"2025-08-13T23:31:53.693Z"}
{"level":"info","message":"Server is running on port 3000","timestamp":"2025-08-13T23:31:53.695Z"}
{"level":"error","message":"Error: Error: cannot find one of the rules","timestamp":"2025-08-13T23:31:53.762Z"}
{"level":"info","message":"logger initialized (test) → file","timestamp":"2025-08-13T23:32:13.296Z"}
{"level":"info","message":"Database connection established ✅","timestamp":"2025-08-13T23:32:13.401Z"}
{"level":"info","message":"Server is running on port 3000","timestamp":"2025-08-13T23:32:13.405Z"}
{"level":"error","message":"Error: Error: expected an array of valid IP addresses","timestamp":"2025-08-13T23:32:13.525Z"}
{"level":"error","message":"Error: Error: expected an array of valid Ports","timestamp":"2025-08-13T23:32:13.540Z"}
{"level":"error","message":"Error: Error: missing \"values\" / \"mode\"","timestamp":"2025-08-13T23:32:13.556Z"}
{"level":"error","message":"Error: Error: mode can be \"blacklist\" / \"whitelist\"","timestamp":"2025-08-13T23:32:13.571Z"}
{"level":"error","message":"Error: Error: expected an array of valid URL addresses","timestamp":"2025-08-13T23:32:13.587Z"}
{"level":"error","message":"Error: Error: One or more rules already exist (conflict).","timestamp":"2025-08-13T23:32:13.624Z"}
{"level":"info","message":"logger initialized (test) → file","timestamp":"2025-08-13T23:32:13.983Z"}
{"level":"info","message":"Database connection established ✅","timestamp":"2025-08-13T23:32:14.013Z"}
{"level":"info","message":"Server is running on port 3000","timestamp":"2025-08-13T23:32:14.015Z"}
{"level":"info","message":"Rules updated: [{\"id\":531,\"value\":\"192.168.1.1\",\"active\":false}]","timestamp":"2025-08-13T23:32:14.131Z"}
{"level":"info","message":"logger initialized (test) → file","timestamp":"2025-08-13T23:32:14.490Z"}
{"level":"info","message":"Database connection established ✅","timestamp":"2025-08-13T23:32:14.514Z"}
{"level":"info","message":"Server is running on port 3000","timestamp":"2025-08-13T23:32:14.516Z"}
{"level":"info","message":"Rules updated: [{\"id\":533,\"value\":\"192.168.1.1\",\"active\":false}]","timestamp":"2025-08-13T23:32:14.571Z"}
{"level":"error","message":"Error: Error: One or more rules not found","timestamp":"2025-08-13T23:32:14.592Z"}
{"level":"error","message":"Error: Error: missing \"url\" / \"ip\" / \"port\"","timestamp":"2025-08-13T23:32:14.606Z"}
{"level":"error","message":"Error: Error: Invalid mode for ips","timestamp":"2025-08-13T23:32:14.620Z"}
{"level":"info","message":"logger initialized (test) → file","timestamp":"2025-08-13T23:32:14.963Z"}
{"level":"info","message":"Database connection established ✅","timestamp":"2025-08-13T23:32:14.990Z"}
{"level":"info","message":"Server is running on port 3000","timestamp":"2025-08-13T23:32:14.992Z"}
{"level":"error","message":"Error: Error: cannot find one of the rules","timestamp":"2025-08-13T23:32:15.060Z"}
{"level":"info","message":"logger initialized (test) → file","timestamp":"2025-08-13T23:32:24.820Z"}
{"level":"info","message":"Database connection established ✅","timestamp":"2025-08-13T23:32:24.870Z"}
{"level":"info","message":"Server is running on port 3000","timestamp":"2025-08-13T23:32:24.875Z"}
{"level":"error","message":"Error: Error: expected an array of valid IP addresses","timestamp":"2025-08-13T23:32:25.047Z"}
{"level":"error","message":"Error: Error: expected an array of valid Ports","timestamp":"2025-08-13T23:32:25.065Z"}
{"level":"error","message":"Error: Error: missing \"values\" / \"mode\"","timestamp":"2025-08-13T23:32:25.083Z"}
{"level":"error","message":"Error: Error: mode can be \"blacklist\" / \"whitelist\"","timestamp":"2025-08-13T23:32:25.101Z"}
{"level":"error","message":"Error: Error: expected an array of valid URL addresses","timestamp":"2025-08-13T23:32:25.118Z"}
{"level":"error","message":"Error: Error: One or more rules already exist (conflict).","timestamp":"2025-08-13T23:32:25.157Z"}
{"level":"info","message":"logger initialized (test) → file","timestamp":"2025-08-13T23:32:25.535Z"}
{"level":"info","message":"Database connection established ✅","timestamp":"2025-08-13T23:32:25.561Z"}
{"level":"info","message":"Server is running on port 3000","timestamp":"2025-08-13T23:32:25.563Z"}
{"level":"info","message":"Rules updated: [{\"id\":542,\"value\":\"192.168.1.1\",\"active\":false}]","timestamp":"2025-08-13T23:32:25.677Z"}
{"level":"info","message":"logger initialized (test) → file","timestamp":"2025-08-13T23:32:26.046Z"}
{"level":"info","message":"Database connection established ✅","timestamp":"2025-08-13T23:32:26.073Z"}
{"level":"info","message":"Server is running on port 3000","timestamp":"2025-08-13T23:32:26.076Z"}
{"level":"info","message":"Rules updated: [{\"id\":544,\"value\":\"192.168.1.1\",\"active\":false}]","timestamp":"2025-08-13T23:32:26.135Z"}
{"level":"error","message":"Error: Error: One or more rules not found","timestamp":"2025-08-13T23:32:26.155Z"}
{"level":"error","message":"Error: Error: missing \"url\" / \"ip\" / \"port\"","timestamp":"2025-08-13T23:32:26.170Z"}
{"level":"error","message":"Error: Error: Invalid mode for ips","timestamp":"2025-08-13T23:32:26.190Z"}
{"level":"info","message":"logger initialized (test) → file","timestamp":"2025-08-13T23:32:26.547Z"}
{"level":"info","message":"Database connection established ✅","timestamp":"2025-08-13T23:32:26.577Z"}
{"level":"info","message":"Server is running on port 3000","timestamp":"2025-08-13T23:32:26.579Z"}
{"level":"error","message":"Error: Error: cannot find one of the rules","timestamp":"2025-08-13T23:32:26.646Z"}
{"level":"info","message":"logger initialized (test) → file","timestamp":"2025-08-13T23:34:03.871Z"}
{"level":"info","message":"Database connection established ✅","timestamp":"2025-08-13T23:34:03.987Z"}
{"level":"info","message":"Server is running on port 3000","timestamp":"2025-08-13T23:34:03.990Z"}
{"level":"error","message":"Error: Error: expected an array of valid IP addresses","timestamp":"2025-08-13T23:34:04.131Z"}
{"level":"error","message":"Error: Error: expected an array of valid Ports","timestamp":"2025-08-13T23:34:04.148Z"}
{"level":"error","message":"Error: Error: missing \"values\" / \"mode\"","timestamp":"2025-08-13T23:34:04.163Z"}
{"level":"error","message":"Error: Error: mode can be \"blacklist\" / \"whitelist\"","timestamp":"2025-08-13T23:34:04.177Z"}
{"level":"error","message":"Error: Error: expected an array of valid URL addresses","timestamp":"2025-08-13T23:34:04.192Z"}
{"level":"error","message":"Error: Error: One or more rules already exist (conflict).","timestamp":"2025-08-13T23:34:04.230Z"}
{"level":"info","message":"logger initialized (test) → file","timestamp":"2025-08-13T23:34:04.626Z"}
{"level":"info","message":"Database connection established ✅","timestamp":"2025-08-13T23:34:04.657Z"}
{"level":"info","message":"Server is running on port 3000","timestamp":"2025-08-13T23:34:04.660Z"}
{"level":"info","message":"Rules updated: [{\"id\":553,\"value\":\"192.168.1.1\",\"active\":false}]","timestamp":"2025-08-13T23:34:04.762Z"}
{"level":"info","message":"logger initialized (test) → file","timestamp":"2025-08-13T23:34:05.186Z"}
{"level":"info","message":"Database connection established ✅","timestamp":"2025-08-13T23:34:05.222Z"}
{"level":"info","message":"Server is running on port 3000","timestamp":"2025-08-13T23:34:05.224Z"}
{"level":"info","message":"Rules updated: [{\"id\":555,\"value\":\"192.168.1.1\",\"active\":false}]","timestamp":"2025-08-13T23:34:05.283Z"}
{"level":"error","message":"Error: Error: One or more rules not found","timestamp":"2025-08-13T23:34:05.305Z"}
{"level":"error","message":"Error: Error: missing \"url\" / \"ip\" / \"port\"","timestamp":"2025-08-13T23:34:05.321Z"}
{"level":"error","message":"Error: Error: Invalid mode for ips","timestamp":"2025-08-13T23:34:05.336Z"}
{"level":"info","message":"logger initialized (test) → file","timestamp":"2025-08-13T23:34:05.706Z"}
{"level":"info","message":"Database connection established ✅","timestamp":"2025-08-13T23:34:05.751Z"}
{"level":"info","message":"Server is running on port 3000","timestamp":"2025-08-13T23:34:05.753Z"}
{"level":"error","message":"Error: Error: cannot find one of the rules","timestamp":"2025-08-13T23:34:05.811Z"}
{"level":"info","message":"logger initialized (test) → file","timestamp":"2025-08-13T23:36:41.003Z"}
{"level":"info","message":"Database connection established ✅","timestamp":"2025-08-13T23:36:41.132Z"}
{"level":"info","message":"Server is running on port 3000","timestamp":"2025-08-13T23:36:41.134Z"}
{"level":"error","message":"Error: Error: expected an array of valid IP addresses","timestamp":"2025-08-13T23:36:41.285Z"}
{"level":"error","message":"Error: Error: expected an array of valid Ports","timestamp":"2025-08-13T23:36:41.302Z"}
{"level":"error","message":"Error: Error: missing \"values\" / \"mode\"","timestamp":"2025-08-13T23:36:41.317Z"}
{"level":"error","message":"Error: Error: mode can be \"blacklist\" / \"whitelist\"","timestamp":"2025-08-13T23:36:41.334Z"}
{"level":"error","message":"Error: Error: expected an array of valid URL addresses","timestamp":"2025-08-13T23:36:41.349Z"}
{"level":"error","message":"Error: Error: One or more rules already exist (conflict).","timestamp":"2025-08-13T23:36:41.420Z"}
{"level":"info","message":"logger initialized (test) → file","timestamp":"2025-08-13T23:36:42.123Z"}
{"level":"info","message":"Database connection established ✅","timestamp":"2025-08-13T23:36:42.151Z"}
{"level":"info","message":"Server is running on port 3000","timestamp":"2025-08-13T23:36:42.153Z"}
{"level":"info","message":"Rules updated: [{\"id\":564,\"value\":\"192.168.1.1\",\"active\":false}]","timestamp":"2025-08-13T23:36:42.217Z"}
{"level":"error","message":"Error: Error: One or more rules not found","timestamp":"2025-08-13T23:36:42.238Z"}
{"level":"error","message":"Error: Error: missing \"url\" / \"ip\" / \"port\"","timestamp":"2025-08-13T23:36:42.250Z"}
{"level":"error","message":"Error: Error: Invalid mode for ips","timestamp":"2025-08-13T23:36:42.268Z"}
{"level":"info","message":"logger initialized (test) → file","timestamp":"2025-08-13T23:36:42.985Z"}
{"level":"info","message":"Database connection established ✅","timestamp":"2025-08-13T23:36:43.013Z"}
{"level":"info","message":"Server is running on port 3000","timestamp":"2025-08-13T23:36:43.015Z"}
{"level":"info","message":"Rules updated: [{\"id\":565,\"value\":\"192.168.1.1\",\"active\":false}]","timestamp":"2025-08-13T23:36:43.126Z"}
{"level":"info","message":"logger initialized (test) → file","timestamp":"2025-08-13T23:36:43.810Z"}
{"level":"info","message":"Database connection established ✅","timestamp":"2025-08-13T23:36:43.838Z"}
{"level":"info","message":"Server is running on port 3000","timestamp":"2025-08-13T23:36:43.840Z"}
{"level":"error","message":"Error: Error: cannot find one of the rules","timestamp":"2025-08-13T23:36:43.903Z"}
{"level":"info","message":"logger initialized (test) → file","timestamp":"2025-08-13T23:38:47.390Z"}
{"level":"info","message":"Database connection established ✅","timestamp":"2025-08-13T23:38:47.506Z"}
{"level":"info","message":"Server is running on port 3000","timestamp":"2025-08-13T23:38:47.510Z"}
{"level":"error","message":"Error: Error: expected an array of valid IP addresses","timestamp":"2025-08-13T23:38:47.652Z"}
{"level":"error","message":"Error: Error: expected an array of valid Ports","timestamp":"2025-08-13T23:38:47.668Z"}
{"level":"error","message":"Error: Error: missing \"values\" / \"mode\"","timestamp":"2025-08-13T23:38:47.684Z"}
{"level":"error","message":"Error: Error: mode can be \"blacklist\" / \"whitelist\"","timestamp":"2025-08-13T23:38:47.698Z"}
{"level":"error","message":"Error: Error: expected an array of valid URL addresses","timestamp":"2025-08-13T23:38:47.714Z"}
{"level":"error","message":"Error: Error: One or more rules already exist (conflict).","timestamp":"2025-08-13T23:38:47.751Z"}
{"level":"info","message":"logger initialized (test) → file","timestamp":"2025-08-13T23:38:48.980Z"}
{"level":"info","message":"Database connection established ✅","timestamp":"2025-08-13T23:38:49.019Z"}
{"level":"info","message":"Server is running on port 3000","timestamp":"2025-08-13T23:38:49.022Z"}
{"level":"info","message":"Starting happy flow with existing data","timestamp":"2025-08-13T23:38:49.032Z"}
{"level":"info","message":"Rules updated: [{\"id\":575,\"value\":\"10.10.10.10\",\"active\":false}]","timestamp":"2025-08-13T23:38:49.102Z"}
{"level":"info","message":"Happy flow completed successfully","timestamp":"2025-08-13T23:38:49.120Z"}
{"level":"info","message":"logger initialized (test) → file","timestamp":"2025-08-13T23:38:49.450Z"}
{"level":"info","message":"Database connection established ✅","timestamp":"2025-08-13T23:38:49.479Z"}
{"level":"info","message":"Server is running on port 3000","timestamp":"2025-08-13T23:38:49.481Z"}
{"level":"info","message":"Rules updated: [{\"id\":577,\"value\":\"192.168.1.1\",\"active\":false}]","timestamp":"2025-08-13T23:38:49.536Z"}
{"level":"error","message":"Error: Error: One or more rules not found","timestamp":"2025-08-13T23:38:49.557Z"}
{"level":"error","message":"Error: Error: missing \"url\" / \"ip\" / \"port\"","timestamp":"2025-08-13T23:38:49.570Z"}
{"level":"error","message":"Error: Error: Invalid mode for ips","timestamp":"2025-08-13T23:38:49.583Z"}
{"level":"info","message":"logger initialized (test) → file","timestamp":"2025-08-13T23:38:49.915Z"}
{"level":"info","message":"Database connection established ✅","timestamp":"2025-08-13T23:38:49.942Z"}
{"level":"info","message":"Server is running on port 3000","timestamp":"2025-08-13T23:38:49.944Z"}
{"level":"error","message":"Error: Error: cannot find one of the rules","timestamp":"2025-08-13T23:38:50.010Z"}
{"level":"info","message":"logger initialized (test) → file","timestamp":"2025-08-13T23:43:30.304Z"}
{"level":"info","message":"Database connection established ✅","timestamp":"2025-08-13T23:43:30.411Z"}
{"level":"info","message":"Server is running on port 3000","timestamp":"2025-08-13T23:43:30.415Z"}
{"level":"error","message":"Error: Error: expected an array of valid IP addresses","timestamp":"2025-08-13T23:43:30.553Z"}
{"level":"error","message":"Error: Error: expected an array of valid Ports","timestamp":"2025-08-13T23:43:30.569Z"}
{"level":"error","message":"Error: Error: missing \"values\" / \"mode\"","timestamp":"2025-08-13T23:43:30.584Z"}
{"level":"error","message":"Error: Error: mode can be \"blacklist\" / \"whitelist\"","timestamp":"2025-08-13T23:43:30.600Z"}
{"level":"error","message":"Error: Error: expected an array of valid URL addresses","timestamp":"2025-08-13T23:43:30.616Z"}
{"level":"error","message":"Error: Error: One or more rules already exist (conflict).","timestamp":"2025-08-13T23:43:30.653Z"}
{"level":"info","message":"logger initialized (test) → file","timestamp":"2025-08-13T23:43:31.301Z"}
{"level":"info","message":"Database connection established ✅","timestamp":"2025-08-13T23:43:31.340Z"}
{"level":"info","message":"Server is running on port 3000","timestamp":"2025-08-13T23:43:31.342Z"}
{"level":"info","message":"Rules updated: [{\"id\":586,\"value\":\"10.10.10.10\",\"active\":false}]","timestamp":"2025-08-13T23:43:31.421Z"}
{"level":"info","message":"Happy flow completed successfully","timestamp":"2025-08-13T23:43:31.439Z"}
{"level":"info","message":"logger initialized (test) → file","timestamp":"2025-08-13T23:43:31.770Z"}
{"level":"info","message":"Database connection established ✅","timestamp":"2025-08-13T23:43:31.797Z"}
{"level":"info","message":"Server is running on port 3000","timestamp":"2025-08-13T23:43:31.799Z"}
{"level":"info","message":"Rules updated: [{\"id\":588,\"value\":\"192.168.1.1\",\"active\":false}]","timestamp":"2025-08-13T23:43:31.861Z"}
{"level":"error","message":"Error: Error: One or more rules not found","timestamp":"2025-08-13T23:43:31.881Z"}
{"level":"error","message":"Error: Error: missing \"url\" / \"ip\" / \"port\"","timestamp":"2025-08-13T23:43:31.894Z"}
{"level":"error","message":"Error: Error: Invalid mode for ips","timestamp":"2025-08-13T23:43:31.907Z"}
{"level":"info","message":"logger initialized (test) → file","timestamp":"2025-08-13T23:43:32.262Z"}
{"level":"info","message":"Database connection established ✅","timestamp":"2025-08-13T23:43:32.295Z"}
{"level":"info","message":"Server is running on port 3000","timestamp":"2025-08-13T23:43:32.296Z"}
{"level":"error","message":"Error: Error: cannot find one of the rules","timestamp":"2025-08-13T23:43:32.354Z"}
{"level":"info","message":"logger initialized (test) → file","timestamp":"2025-08-13T23:47:12.205Z"}
{"level":"info","message":"Database connection established ✅","timestamp":"2025-08-13T23:47:12.325Z"}
{"level":"info","message":"Server is running on port 3000","timestamp":"2025-08-13T23:47:12.328Z"}
{"level":"error","message":"Error: Error: expected an array of valid IP addresses","timestamp":"2025-08-13T23:47:12.482Z"}
{"level":"error","message":"Error: Error: expected an array of valid Ports","timestamp":"2025-08-13T23:47:12.499Z"}
{"level":"error","message":"Error: Error: missing \"values\" / \"mode\"","timestamp":"2025-08-13T23:47:12.516Z"}
{"level":"error","message":"Error: Error: mode can be \"blacklist\" / \"whitelist\"","timestamp":"2025-08-13T23:47:12.532Z"}
{"level":"error","message":"Error: Error: expected an array of valid URL addresses","timestamp":"2025-08-13T23:47:12.547Z"}
{"level":"error","message":"Error: Error: One or more rules already exist (conflict).","timestamp":"2025-08-13T23:47:12.584Z"}
{"level":"info","message":"logger initialized (test) → file","timestamp":"2025-08-13T23:47:12.930Z"}
{"level":"info","message":"Database connection established ✅","timestamp":"2025-08-13T23:47:12.971Z"}
{"level":"info","message":"Server is running on port 3000","timestamp":"2025-08-13T23:47:12.975Z"}
{"level":"info","message":"Rules updated: [{\"id\":597,\"value\":\"10.10.10.10\",\"active\":false}]","timestamp":"2025-08-13T23:47:13.061Z"}
{"level":"info","message":"Happy flow completed successfully","timestamp":"2025-08-13T23:47:13.085Z"}
{"level":"info","message":"logger initialized (test) → file","timestamp":"2025-08-13T23:47:13.416Z"}
{"level":"info","message":"Database connection established ✅","timestamp":"2025-08-13T23:47:13.448Z"}
{"level":"info","message":"Server is running on port 3000","timestamp":"2025-08-13T23:47:13.450Z"}
{"level":"info","message":"Rules updated: [{\"id\":599,\"value\":\"192.168.1.1\",\"active\":false}]","timestamp":"2025-08-13T23:47:13.505Z"}
{"level":"error","message":"Error: Error: One or more rules not found","timestamp":"2025-08-13T23:47:13.527Z"}
{"level":"error","message":"Error: Error: missing \"url\" / \"ip\" / \"port\"","timestamp":"2025-08-13T23:47:13.539Z"}
{"level":"error","message":"Error: Error: Invalid mode for ips","timestamp":"2025-08-13T23:47:13.554Z"}
{"level":"info","message":"logger initialized (test) → file","timestamp":"2025-08-13T23:47:14.211Z"}
{"level":"info","message":"Database connection established ✅","timestamp":"2025-08-13T23:47:14.253Z"}
{"level":"info","message":"Server is running on port 3000","timestamp":"2025-08-13T23:47:14.256Z"}
{"level":"error","message":"Error: Error: cannot find one of the rules","timestamp":"2025-08-13T23:47:14.304Z"}
{"level":"info","message":"logger initialized (test) → file","timestamp":"2025-08-13T23:47:19.523Z"}
{"level":"info","message":"Database connection established ✅","timestamp":"2025-08-13T23:47:19.588Z"}
{"level":"info","message":"Server is running on port 3000","timestamp":"2025-08-13T23:47:19.594Z"}
{"level":"error","message":"Error: Error: expected an array of valid IP addresses","timestamp":"2025-08-13T23:47:19.750Z"}
{"level":"error","message":"Error: Error: expected an array of valid Ports","timestamp":"2025-08-13T23:47:19.768Z"}
{"level":"error","message":"Error: Error: missing \"values\" / \"mode\"","timestamp":"2025-08-13T23:47:19.783Z"}
{"level":"error","message":"Error: Error: mode can be \"blacklist\" / \"whitelist\"","timestamp":"2025-08-13T23:47:19.799Z"}
{"level":"error","message":"Error: Error: expected an array of valid URL addresses","timestamp":"2025-08-13T23:47:19.815Z"}
{"level":"error","message":"Error: Error: One or more rules already exist (conflict).","timestamp":"2025-08-13T23:47:19.855Z"}
{"level":"info","message":"logger initialized (test) → file","timestamp":"2025-08-13T23:47:20.212Z"}
{"level":"info","message":"Database connection established ✅","timestamp":"2025-08-13T23:47:20.253Z"}
{"level":"info","message":"Server is running on port 3000","timestamp":"2025-08-13T23:47:20.256Z"}
{"level":"error","message":"Error: Error: cannot find one of the rules","timestamp":"2025-08-13T23:47:20.306Z"}
{"level":"info","message":"logger initialized (test) → file","timestamp":"2025-08-13T23:47:20.641Z"}
{"level":"info","message":"Database connection established ✅","timestamp":"2025-08-13T23:47:20.679Z"}
{"level":"info","message":"Server is running on port 3000","timestamp":"2025-08-13T23:47:20.682Z"}
{"level":"info","message":"Rules updated: [{\"id\":609,\"value\":\"10.10.10.10\",\"active\":false}]","timestamp":"2025-08-13T23:47:20.760Z"}
{"level":"info","message":"Happy flow completed successfully","timestamp":"2025-08-13T23:47:20.777Z"}
{"level":"info","message":"logger initialized (test) → file","timestamp":"2025-08-13T23:47:21.118Z"}
{"level":"info","message":"Database connection established ✅","timestamp":"2025-08-13T23:47:21.146Z"}
{"level":"info","message":"Server is running on port 3000","timestamp":"2025-08-13T23:47:21.147Z"}
{"level":"info","message":"Rules updated: [{\"id\":611,\"value\":\"192.168.1.1\",\"active\":false}]","timestamp":"2025-08-13T23:47:21.200Z"}
{"level":"error","message":"Error: Error: One or more rules not found","timestamp":"2025-08-13T23:47:21.220Z"}
{"level":"error","message":"Error: Error: missing \"url\" / \"ip\" / \"port\"","timestamp":"2025-08-13T23:47:21.233Z"}
{"level":"error","message":"Error: Error: Invalid mode for ips","timestamp":"2025-08-13T23:47:21.245Z"}
{"level":"info","message":"logger initialized (test) → file","timestamp":"2025-08-13T23:48:27.992Z"}
{"level":"info","message":"Database connection established ✅","timestamp":"2025-08-13T23:48:28.092Z"}
{"level":"info","message":"Server is running on port 3000","timestamp":"2025-08-13T23:48:28.097Z"}
{"level":"info","message":"Rules updated: [{\"id\":612,\"value\":\"10.10.10.10\",\"active\":false}]","timestamp":"2025-08-13T23:48:28.191Z"}
{"level":"info","message":"Happy flow completed successfully","timestamp":"2025-08-13T23:48:28.213Z"}
